0 verbose cli /opt/homebrew/Cellar/node@20/20.16.0/bin/node /opt/homebrew/opt/node@20/bin/npm
1 info using npm@10.8.1
2 info using node@v20.16.0
3 silly config load:file:/opt/homebrew/Cellar/node@20/20.16.0/lib/node_modules/npm/npmrc
4 silly config load:file:/Users/ekkusipila/Projects/Personal/card-generator/.npmrc
5 silly config load:file:/Users/ekkusipila/.npmrc
6 silly config load:file:/opt/homebrew/etc/npmrc
7 verbose title npm run build
8 verbose argv "run" "build"
9 verbose logfile logs-max:10 dir:/Users/ekkusipila/Projects/Personal/card-generator/.npm/_logs/2024-09-06T07_00_26_647Z-
10 verbose logfile /Users/ekkusipila/Projects/Personal/card-generator/.npm/_logs/2024-09-06T07_00_26_647Z-debug-0.log
11 silly logfile done cleaning log files
12 http fetch GET 200 https://registry.npmjs.org/npm 142ms
13 verbose cwd /Users/ekkusipila/Projects/Personal/card-generator
14 verbose os Darwin 23.6.0
15 verbose node v20.16.0
16 verbose npm  v10.8.1
17 notice
17 notice New [36mpatch[39m version of npm available! [36m10.8.1[39m -> [34m10.8.3[39m
17 notice Changelog: [34mhttps://github.com/npm/cli/releases/tag/v10.8.3[39m
17 notice To update run: [4mnpm install -g npm@10.8.3[24m
17 notice  { force: true, [Symbol(proc-log.meta)]: true }
18 verbose exit 0
19 info ok
