0 verbose cli /opt/homebrew/Cellar/node@20/20.16.0/bin/node /opt/homebrew/opt/node@20/bin/npm
1 info using npm@10.8.1
2 info using node@v20.16.0
3 silly config load:file:/opt/homebrew/Cellar/node@20/20.16.0/lib/node_modules/npm/npmrc
4 silly config load:file:/Users/ekkusipila/Projects/Personal/card-generator/.npmrc
5 silly config load:file:/Users/ekkusipila/.npmrc
6 silly config load:file:/opt/homebrew/etc/npmrc
7 verbose title npm install sharp
8 verbose argv "install" "sharp"
9 verbose logfile logs-max:10 dir:/Users/ekkusipila/Projects/Personal/card-generator/.npm/_logs/2024-09-06T07_01_10_681Z-
10 verbose logfile /Users/ekkusipila/Projects/Personal/card-generator/.npm/_logs/2024-09-06T07_01_10_681Z-debug-0.log
11 silly packumentCache heap:4345298944 maxSize:1086324736 maxEntrySize:543162368
12 silly logfile done cleaning log files
13 silly idealTree buildDeps
14 silly fetch manifest sharp@*
15 silly packumentCache full:https://registry.npmjs.org/sharp cache-miss
16 http fetch GET 200 https://registry.npmjs.org/sharp 185ms (cache miss)
17 silly packumentCache full:https://registry.npmjs.org/sharp set size:undefined disposed:false
18 silly placeDep ROOT sharp@0.33.5 OK for: card-generator@0.1.0 want: *
19 silly fetch manifest color@^4.2.3
20 silly packumentCache full:https://registry.npmjs.org/color cache-miss
21 silly fetch manifest detect-libc@^2.0.3
22 silly packumentCache full:https://registry.npmjs.org/detect-libc cache-miss
23 silly fetch manifest @img/sharp-darwin-arm64@0.33.5
24 silly packumentCache full:https://registry.npmjs.org/@img%2fsharp-darwin-arm64 cache-miss
25 silly fetch manifest @img/sharp-darwin-x64@0.33.5
26 silly packumentCache full:https://registry.npmjs.org/@img%2fsharp-darwin-x64 cache-miss
27 silly fetch manifest @img/sharp-libvips-darwin-arm64@1.0.4
28 silly packumentCache full:https://registry.npmjs.org/@img%2fsharp-libvips-darwin-arm64 cache-miss
29 silly fetch manifest @img/sharp-libvips-darwin-x64@1.0.4
30 silly packumentCache full:https://registry.npmjs.org/@img%2fsharp-libvips-darwin-x64 cache-miss
31 silly fetch manifest @img/sharp-libvips-linux-arm@1.0.5
32 silly packumentCache full:https://registry.npmjs.org/@img%2fsharp-libvips-linux-arm cache-miss
33 silly fetch manifest @img/sharp-libvips-linux-arm64@1.0.4
34 silly packumentCache full:https://registry.npmjs.org/@img%2fsharp-libvips-linux-arm64 cache-miss
35 silly fetch manifest @img/sharp-libvips-linux-s390x@1.0.4
36 silly packumentCache full:https://registry.npmjs.org/@img%2fsharp-libvips-linux-s390x cache-miss
37 silly fetch manifest @img/sharp-libvips-linux-x64@1.0.4
38 silly packumentCache full:https://registry.npmjs.org/@img%2fsharp-libvips-linux-x64 cache-miss
39 silly fetch manifest @img/sharp-libvips-linuxmusl-arm64@1.0.4
40 silly packumentCache full:https://registry.npmjs.org/@img%2fsharp-libvips-linuxmusl-arm64 cache-miss
41 silly fetch manifest @img/sharp-libvips-linuxmusl-x64@1.0.4
42 silly packumentCache full:https://registry.npmjs.org/@img%2fsharp-libvips-linuxmusl-x64 cache-miss
43 silly fetch manifest @img/sharp-linux-arm@0.33.5
44 silly packumentCache full:https://registry.npmjs.org/@img%2fsharp-linux-arm cache-miss
45 http fetch GET 200 https://registry.npmjs.org/color 60ms (cache miss)
46 silly packumentCache full:https://registry.npmjs.org/color set size:undefined disposed:false
47 silly fetch manifest @img/sharp-linux-arm64@0.33.5
48 silly packumentCache full:https://registry.npmjs.org/@img%2fsharp-linux-arm64 cache-miss
49 http fetch GET 200 https://registry.npmjs.org/detect-libc 82ms (cache miss)
50 silly packumentCache full:https://registry.npmjs.org/detect-libc set size:undefined disposed:false
51 silly fetch manifest @img/sharp-linux-s390x@0.33.5
52 silly packumentCache full:https://registry.npmjs.org/@img%2fsharp-linux-s390x cache-miss
53 http fetch GET 200 https://registry.npmjs.org/@img%2fsharp-darwin-x64 102ms (cache miss)
54 silly packumentCache full:https://registry.npmjs.org/@img%2fsharp-darwin-x64 set size:undefined disposed:false
55 silly fetch manifest @img/sharp-linux-x64@0.33.5
56 silly packumentCache full:https://registry.npmjs.org/@img%2fsharp-linux-x64 cache-miss
57 http fetch GET 200 https://registry.npmjs.org/@img%2fsharp-darwin-arm64 112ms (cache miss)
58 silly packumentCache full:https://registry.npmjs.org/@img%2fsharp-darwin-arm64 set size:undefined disposed:false
59 silly fetch manifest @img/sharp-linuxmusl-arm64@0.33.5
60 silly packumentCache full:https://registry.npmjs.org/@img%2fsharp-linuxmusl-arm64 cache-miss
61 http fetch GET 200 https://registry.npmjs.org/@img%2fsharp-libvips-linux-arm 112ms (cache miss)
62 silly packumentCache full:https://registry.npmjs.org/@img%2fsharp-libvips-linux-arm set size:undefined disposed:false
63 silly fetch manifest @img/sharp-linuxmusl-x64@0.33.5
64 silly packumentCache full:https://registry.npmjs.org/@img%2fsharp-linuxmusl-x64 cache-miss
65 http fetch GET 200 https://registry.npmjs.org/@img%2fsharp-libvips-linux-x64 116ms (cache miss)
66 silly packumentCache full:https://registry.npmjs.org/@img%2fsharp-libvips-linux-x64 set size:undefined disposed:false
67 silly fetch manifest @img/sharp-wasm32@0.33.5
68 silly packumentCache full:https://registry.npmjs.org/@img%2fsharp-wasm32 cache-miss
69 http fetch GET 200 https://registry.npmjs.org/@img%2fsharp-libvips-linux-s390x 124ms (cache miss)
70 silly packumentCache full:https://registry.npmjs.org/@img%2fsharp-libvips-linux-s390x set size:undefined disposed:false
71 silly fetch manifest @img/sharp-win32-ia32@0.33.5
72 silly packumentCache full:https://registry.npmjs.org/@img%2fsharp-win32-ia32 cache-miss
73 http fetch GET 200 https://registry.npmjs.org/@img%2fsharp-linux-arm64 67ms (cache miss)
74 silly packumentCache full:https://registry.npmjs.org/@img%2fsharp-linux-arm64 set size:undefined disposed:false
75 silly fetch manifest @img/sharp-win32-x64@0.33.5
76 silly packumentCache full:https://registry.npmjs.org/@img%2fsharp-win32-x64 cache-miss
77 http fetch GET 200 https://registry.npmjs.org/@img%2fsharp-libvips-darwin-arm64 128ms (cache miss)
78 silly packumentCache full:https://registry.npmjs.org/@img%2fsharp-libvips-darwin-arm64 set size:undefined disposed:false
79 http fetch GET 200 https://registry.npmjs.org/@img%2fsharp-libvips-linuxmusl-x64 127ms (cache miss)
80 silly packumentCache full:https://registry.npmjs.org/@img%2fsharp-libvips-linuxmusl-x64 set size:undefined disposed:false
81 http fetch GET 200 https://registry.npmjs.org/@img%2fsharp-libvips-darwin-x64 131ms (cache miss)
82 silly packumentCache full:https://registry.npmjs.org/@img%2fsharp-libvips-darwin-x64 set size:undefined disposed:false
83 http fetch GET 200 https://registry.npmjs.org/@img%2fsharp-libvips-linux-arm64 130ms (cache miss)
84 silly packumentCache full:https://registry.npmjs.org/@img%2fsharp-libvips-linux-arm64 set size:undefined disposed:false
85 http fetch GET 200 https://registry.npmjs.org/@img%2fsharp-libvips-linuxmusl-arm64 130ms (cache miss)
86 silly packumentCache full:https://registry.npmjs.org/@img%2fsharp-libvips-linuxmusl-arm64 set size:undefined disposed:false
87 http fetch GET 200 https://registry.npmjs.org/@img%2fsharp-linux-arm 131ms (cache miss)
88 silly packumentCache full:https://registry.npmjs.org/@img%2fsharp-linux-arm set size:undefined disposed:false
89 http fetch GET 200 https://registry.npmjs.org/@img%2fsharp-linux-s390x 72ms (cache miss)
90 silly packumentCache full:https://registry.npmjs.org/@img%2fsharp-linux-s390x set size:undefined disposed:false
91 http fetch GET 200 https://registry.npmjs.org/@img%2fsharp-linuxmusl-x64 52ms (cache miss)
92 silly packumentCache full:https://registry.npmjs.org/@img%2fsharp-linuxmusl-x64 set size:undefined disposed:false
93 http fetch GET 200 https://registry.npmjs.org/@img%2fsharp-linuxmusl-arm64 55ms (cache miss)
94 silly packumentCache full:https://registry.npmjs.org/@img%2fsharp-linuxmusl-arm64 set size:undefined disposed:false
95 http fetch GET 200 https://registry.npmjs.org/@img%2fsharp-wasm32 52ms (cache miss)
96 silly packumentCache full:https://registry.npmjs.org/@img%2fsharp-wasm32 set size:undefined disposed:false
97 http fetch GET 200 https://registry.npmjs.org/@img%2fsharp-linux-x64 72ms (cache miss)
98 silly packumentCache full:https://registry.npmjs.org/@img%2fsharp-linux-x64 set size:undefined disposed:false
99 http fetch GET 200 https://registry.npmjs.org/@img%2fsharp-win32-x64 62ms (cache miss)
100 silly packumentCache full:https://registry.npmjs.org/@img%2fsharp-win32-x64 set size:undefined disposed:false
101 http fetch GET 200 https://registry.npmjs.org/@img%2fsharp-win32-ia32 65ms (cache miss)
102 silly packumentCache full:https://registry.npmjs.org/@img%2fsharp-win32-ia32 set size:undefined disposed:false
103 silly placeDep ROOT @img/sharp-darwin-arm64@0.33.5 OK for: sharp@0.33.5 want: 0.33.5
104 silly placeDep ROOT @img/sharp-darwin-x64@0.33.5 OK for: sharp@0.33.5 want: 0.33.5
105 silly placeDep ROOT @img/sharp-libvips-darwin-arm64@1.0.4 OK for: sharp@0.33.5 want: 1.0.4
106 silly placeDep ROOT @img/sharp-libvips-darwin-x64@1.0.4 OK for: sharp@0.33.5 want: 1.0.4
107 silly placeDep ROOT @img/sharp-libvips-linux-arm@1.0.5 OK for: sharp@0.33.5 want: 1.0.5
108 silly placeDep ROOT @img/sharp-libvips-linux-arm64@1.0.4 OK for: sharp@0.33.5 want: 1.0.4
109 silly placeDep ROOT @img/sharp-libvips-linux-s390x@1.0.4 OK for: sharp@0.33.5 want: 1.0.4
110 silly placeDep ROOT @img/sharp-libvips-linux-x64@1.0.4 OK for: sharp@0.33.5 want: 1.0.4
111 silly placeDep ROOT @img/sharp-libvips-linuxmusl-arm64@1.0.4 OK for: sharp@0.33.5 want: 1.0.4
112 silly placeDep ROOT @img/sharp-libvips-linuxmusl-x64@1.0.4 OK for: sharp@0.33.5 want: 1.0.4
113 silly placeDep ROOT @img/sharp-linux-arm@0.33.5 OK for: sharp@0.33.5 want: 0.33.5
114 silly placeDep ROOT @img/sharp-linux-arm64@0.33.5 OK for: sharp@0.33.5 want: 0.33.5
115 silly placeDep ROOT @img/sharp-linux-s390x@0.33.5 OK for: sharp@0.33.5 want: 0.33.5
116 silly placeDep ROOT @img/sharp-linux-x64@0.33.5 OK for: sharp@0.33.5 want: 0.33.5
117 silly placeDep ROOT @img/sharp-linuxmusl-arm64@0.33.5 OK for: sharp@0.33.5 want: 0.33.5
118 silly placeDep ROOT @img/sharp-linuxmusl-x64@0.33.5 OK for: sharp@0.33.5 want: 0.33.5
119 silly placeDep ROOT @img/sharp-wasm32@0.33.5 OK for: sharp@0.33.5 want: 0.33.5
120 silly placeDep ROOT @img/sharp-win32-ia32@0.33.5 OK for: sharp@0.33.5 want: 0.33.5
121 silly placeDep ROOT @img/sharp-win32-x64@0.33.5 OK for: sharp@0.33.5 want: 0.33.5
122 silly placeDep ROOT color@4.2.3 OK for: sharp@0.33.5 want: ^4.2.3
123 silly placeDep ROOT detect-libc@2.0.3 OK for: sharp@0.33.5 want: ^2.0.3
124 silly fetch manifest @emnapi/runtime@^1.2.0
125 silly packumentCache full:https://registry.npmjs.org/@emnapi%2fruntime cache-miss
126 silly fetch manifest color-string@^1.9.0
127 silly packumentCache full:https://registry.npmjs.org/color-string cache-miss
128 http fetch GET 200 https://registry.npmjs.org/color-string 33ms (cache miss)
129 silly packumentCache full:https://registry.npmjs.org/color-string set size:undefined disposed:false
130 http fetch GET 200 https://registry.npmjs.org/@emnapi%2fruntime 60ms (cache miss)
131 silly packumentCache full:https://registry.npmjs.org/@emnapi%2fruntime set size:undefined disposed:false
132 silly placeDep ROOT @emnapi/runtime@1.2.0 OK for: @img/sharp-wasm32@0.33.5 want: ^1.2.0
133 silly placeDep ROOT color-string@1.9.1 OK for: color@4.2.3 want: ^1.9.0
134 silly fetch manifest simple-swizzle@^0.2.2
135 silly packumentCache full:https://registry.npmjs.org/simple-swizzle cache-miss
136 http fetch GET 200 https://registry.npmjs.org/simple-swizzle 32ms (cache miss)
137 silly packumentCache full:https://registry.npmjs.org/simple-swizzle set size:undefined disposed:false
138 silly placeDep ROOT simple-swizzle@0.2.2 OK for: color-string@1.9.1 want: ^0.2.2
139 silly fetch manifest is-arrayish@^0.3.1
140 silly packumentCache full:https://registry.npmjs.org/is-arrayish cache-miss
141 http fetch GET 200 https://registry.npmjs.org/is-arrayish 38ms (cache miss)
142 silly packumentCache full:https://registry.npmjs.org/is-arrayish set size:undefined disposed:false
143 silly placeDep ROOT is-arrayish@0.3.2 OK for: simple-swizzle@0.2.2 want: ^0.3.1
144 silly reify moves {}
145 silly audit bulk request {
145 silly audit   '@alloc/quick-lru': [ '5.2.0' ],
145 silly audit   '@azure/abort-controller': [ '1.1.0', '2.1.2' ],
145 silly audit   '@azure/core-auth': [ '1.7.2' ],
145 silly audit   '@azure/core-client': [ '1.9.2' ],
145 silly audit   '@azure/core-http-compat': [ '2.1.2' ],
145 silly audit   '@azure/core-lro': [ '2.7.2' ],
145 silly audit   '@azure/core-paging': [ '1.6.2' ],
145 silly audit   '@azure/core-rest-pipeline': [ '1.16.3' ],
145 silly audit   '@azure/core-tracing': [ '1.1.2' ],
145 silly audit   '@azure/core-util': [ '1.9.2' ],
145 silly audit   '@azure/core-xml': [ '1.4.3' ],
145 silly audit   '@azure/identity': [ '4.4.1' ],
145 silly audit   '@azure/logger': [ '1.1.4' ],
145 silly audit   '@azure/msal-browser': [ '3.22.0' ],
145 silly audit   '@azure/msal-common': [ '14.14.2', '14.14.1' ],
145 silly audit   '@azure/msal-node': [ '2.13.0' ],
145 silly audit   '@azure/storage-blob': [ '12.24.0' ],
145 silly audit   '@eslint-community/eslint-utils': [ '4.4.0' ],
145 silly audit   '@eslint-community/regexpp': [ '4.11.0' ],
145 silly audit   '@eslint/eslintrc': [ '2.1.4' ],
145 silly audit   '@eslint/js': [ '8.57.0' ],
145 silly audit   '@floating-ui/core': [ '1.6.7' ],
145 silly audit   '@floating-ui/dom': [ '1.6.10' ],
145 silly audit   '@floating-ui/react-dom': [ '2.1.1' ],
145 silly audit   '@floating-ui/utils': [ '0.2.7' ],
145 silly audit   '@humanwhocodes/config-array': [ '0.11.14' ],
145 silly audit   '@humanwhocodes/module-importer': [ '1.0.1' ],
145 silly audit   '@humanwhocodes/object-schema': [ '2.0.3' ],
145 silly audit   '@isaacs/cliui': [ '8.0.2' ],
145 silly audit   'ansi-regex': [ '6.0.1', '5.0.1' ],
145 silly audit   'strip-ansi': [ '7.1.0', '6.0.1' ],
145 silly audit   '@jridgewell/gen-mapping': [ '0.3.5' ],
145 silly audit   '@jridgewell/resolve-uri': [ '3.1.2' ],
145 silly audit   '@jridgewell/set-array': [ '1.2.1' ],
145 silly audit   '@jridgewell/sourcemap-codec': [ '1.5.0' ],
145 silly audit   '@jridgewell/trace-mapping': [ '0.3.25' ],
145 silly audit   '@next/env': [ '14.2.6' ],
145 silly audit   '@next/eslint-plugin-next': [ '14.2.6' ],
145 silly audit   '@next/swc-darwin-arm64': [ '14.2.6' ],
145 silly audit   '@next/swc-darwin-x64': [ '14.2.6' ],
145 silly audit   '@next/swc-linux-arm64-gnu': [ '14.2.6' ],
145 silly audit   '@next/swc-linux-arm64-musl': [ '14.2.6' ],
145 silly audit   '@next/swc-linux-x64-gnu': [ '14.2.6' ],
145 silly audit   '@next/swc-linux-x64-musl': [ '14.2.6' ],
145 silly audit   '@next/swc-win32-arm64-msvc': [ '14.2.6' ],
145 silly audit   '@next/swc-win32-ia32-msvc': [ '14.2.6' ],
145 silly audit   '@next/swc-win32-x64-msvc': [ '14.2.6' ],
145 silly audit   '@nodelib/fs.scandir': [ '2.1.5' ],
145 silly audit   '@nodelib/fs.stat': [ '2.0.5' ],
145 silly audit   '@nodelib/fs.walk': [ '1.2.8' ],
145 silly audit   '@pkgjs/parseargs': [ '0.11.0' ],
145 silly audit   '@prisma/client': [ '5.18.0' ],
145 silly audit   '@prisma/debug': [ '5.18.0' ],
145 silly audit   '@prisma/engines': [ '5.18.0' ],
145 silly audit   '@prisma/engines-version': [ '5.18.0-25.4c784e32044a8a016d99474bd02a3b6123742169' ],
145 silly audit   '@prisma/fetch-engine': [ '5.18.0' ],
145 silly audit   '@prisma/get-platform': [ '5.18.0' ],
145 silly audit   '@radix-ui/number': [ '1.1.0' ],
145 silly audit   '@radix-ui/primitive': [ '1.1.0' ],
145 silly audit   '@radix-ui/react-arrow': [ '1.1.0' ],
145 silly audit   '@radix-ui/react-collection': [ '1.1.0' ],
145 silly audit   '@radix-ui/react-compose-refs': [ '1.1.0' ],
145 silly audit   '@radix-ui/react-context': [ '1.1.0' ],
145 silly audit   '@radix-ui/react-direction': [ '1.1.0' ],
145 silly audit   '@radix-ui/react-dismissable-layer': [ '1.1.0' ],
145 silly audit   '@radix-ui/react-focus-guards': [ '1.1.0' ],
145 silly audit   '@radix-ui/react-focus-scope': [ '1.1.0' ],
145 silly audit   '@radix-ui/react-id': [ '1.1.0' ],
145 silly audit   '@radix-ui/react-popper': [ '1.2.0' ],
145 silly audit   '@radix-ui/react-portal': [ '1.1.1' ],
145 silly audit   '@radix-ui/react-primitive': [ '2.0.0' ],
145 silly audit   '@radix-ui/react-select': [ '2.1.1' ],
145 silly audit   '@radix-ui/react-slot': [ '1.1.0' ],
145 silly audit   '@radix-ui/react-use-callback-ref': [ '1.1.0' ],
145 silly audit   '@radix-ui/react-use-controllable-state': [ '1.1.0' ],
145 silly audit   '@radix-ui/react-use-escape-keydown': [ '1.1.0' ],
145 silly audit   '@radix-ui/react-use-layout-effect': [ '1.1.0' ],
145 silly audit   '@radix-ui/react-use-previous': [ '1.1.0' ],
145 silly audit   '@radix-ui/react-use-rect': [ '1.1.0' ],
145 silly audit   '@radix-ui/react-use-size': [ '1.1.0' ],
145 silly audit   '@radix-ui/react-visually-hidden': [ '1.1.0' ],
145 silly audit   '@radix-ui/rect': [ '1.1.0' ],
145 silly audit   '@rushstack/eslint-patch': [ '1.10.4' ],
145 silly audit   '@swc/counter': [ '0.1.3' ],
145 silly audit   '@swc/helpers': [ '0.5.5' ],
145 silly audit   '@types/json5': [ '0.0.29' ],
145 silly audit   '@types/lodash': [ '4.17.7' ],
145 silly audit   '@types/lodash.debounce': [ '4.0.9' ],
145 silly audit   '@types/node': [ '20.16.1' ],
145 silly audit   '@types/prop-types': [ '15.7.12' ],
145 silly audit   '@types/react': [ '18.3.4' ],
145 silly audit   '@types/react-dom': [ '18.3.0' ],
145 silly audit   '@typescript-eslint/parser': [ '7.2.0' ],
145 silly audit   '@typescript-eslint/scope-manager': [ '7.2.0' ],
145 silly audit   '@typescript-eslint/types': [ '7.2.0' ],
145 silly audit   '@typescript-eslint/typescript-estree': [ '7.2.0' ],
145 silly audit   'brace-expansion': [ '2.0.1', '1.1.11' ],
145 silly audit   minimatch: [ '9.0.3', '9.0.5', '3.1.2' ],
145 silly audit   '@typescript-eslint/visitor-keys': [ '7.2.0' ],
145 silly audit   '@ungap/structured-clone': [ '1.2.0' ],
145 silly audit   acorn: [ '8.12.1' ],
145 silly audit   'acorn-jsx': [ '5.3.2' ],
145 silly audit   'agent-base': [ '7.1.1' ],
145 silly audit   ajv: [ '6.12.6' ],
145 silly audit   'ansi-styles': [ '4.3.0', '6.2.1' ],
145 silly audit   'any-promise': [ '1.3.0' ],
145 silly audit   anymatch: [ '3.1.3' ],
145 silly audit   arg: [ '5.0.2' ],
145 silly audit   argparse: [ '2.0.1' ],
145 silly audit   'aria-hidden': [ '1.2.4' ],
145 silly audit   'aria-query': [ '5.1.3' ],
145 silly audit   'array-buffer-byte-length': [ '1.0.1' ],
145 silly audit   'array-includes': [ '3.1.8' ],
145 silly audit   'array-union': [ '2.1.0' ],
145 silly audit   'array.prototype.findlast': [ '1.2.5' ],
145 silly audit   'array.prototype.findlastindex': [ '1.2.5' ],
145 silly audit   'array.prototype.flat': [ '1.3.2' ],
145 silly audit   'array.prototype.flatmap': [ '1.3.2' ],
145 silly audit   'array.prototype.tosorted': [ '1.1.4' ],
145 silly audit   'arraybuffer.prototype.slice': [ '1.0.3' ],
145 silly audit   'ast-types-flow': [ '0.0.8' ],
145 silly audit   'available-typed-arrays': [ '1.0.7' ],
145 silly audit   'axe-core': [ '4.10.0' ],
145 silly audit   'axobject-query': [ '3.1.1' ],
145 silly audit   'balanced-match': [ '1.0.2' ],
145 silly audit   'binary-extensions': [ '2.3.0' ],
145 silly audit   braces: [ '3.0.3' ],
145 silly audit   'buffer-equal-constant-time': [ '1.0.1' ],
145 silly audit   busboy: [ '1.6.0' ],
145 silly audit   'call-bind': [ '1.0.7' ],
145 silly audit   callsites: [ '3.1.0' ],
145 silly audit   'camelcase-css': [ '2.0.1' ],
145 silly audit   'caniuse-lite': [ '1.0.30001653' ],
145 silly audit   chalk: [ '4.1.2' ],
145 silly audit   chokidar: [ '3.6.0' ],
145 silly audit   'glob-parent': [ '5.1.2', '6.0.2' ],
145 silly audit   'class-variance-authority': [ '0.7.0' ],
145 silly audit   clsx: [ '2.0.0', '2.1.1' ],
145 silly audit   'client-only': [ '0.0.1' ],
145 silly audit   'color-convert': [ '2.0.1' ],
145 silly audit   'color-name': [ '1.1.4' ],
145 silly audit   commander: [ '4.1.1' ],
145 silly audit   'concat-map': [ '0.0.1' ],
145 silly audit   'cross-spawn': [ '7.0.3' ],
145 silly audit   cssesc: [ '3.0.0' ],
145 silly audit   csstype: [ '3.1.3' ],
145 silly audit   'damerau-levenshtein': [ '1.0.8' ],
145 silly audit   'data-view-buffer': [ '1.0.1' ],
145 silly audit   'data-view-byte-length': [ '1.0.1' ],
145 silly audit   'data-view-byte-offset': [ '1.0.0' ],
145 silly audit   debug: [ '4.3.6', '3.2.7' ],
145 silly audit   'deep-equal': [ '2.2.3' ],
145 silly audit   'deep-is': [ '0.1.4' ],
145 silly audit   'define-data-property': [ '1.1.4' ],
145 silly audit   'define-lazy-prop': [ '2.0.0' ],
145 silly audit   'define-properties': [ '1.2.1' ],
145 silly audit   'detect-node-es': [ '1.1.0' ],
145 silly audit   didyoumean: [ '1.2.2' ],
145 silly audit   'dir-glob': [ '3.0.1' ],
145 silly audit   dlv: [ '1.1.3' ],
145 silly audit   doctrine: [ '3.0.0', '2.1.0' ],
145 silly audit   eastasianwidth: [ '0.2.0' ],
145 silly audit   'ecdsa-sig-formatter': [ '1.0.11' ],
145 silly audit   'emoji-regex': [ '9.2.2', '8.0.0' ],
145 silly audit   'enhanced-resolve': [ '5.17.1' ],
145 silly audit   'es-abstract': [ '1.23.3' ],
145 silly audit   'es-define-property': [ '1.0.0' ],
145 silly audit   'es-errors': [ '1.3.0' ],
145 silly audit   'es-get-iterator': [ '1.1.3' ],
145 silly audit   'es-iterator-helpers': [ '1.0.19' ],
145 silly audit   'es-object-atoms': [ '1.0.0' ],
145 silly audit   'es-set-tostringtag': [ '2.0.3' ],
145 silly audit   'es-shim-unscopables': [ '1.0.2' ],
145 silly audit   'es-to-primitive': [ '1.2.1' ],
145 silly audit   'escape-string-regexp': [ '4.0.0' ],
145 silly audit   eslint: [ '8.57.0' ],
145 silly audit   'eslint-config-next': [ '14.2.6' ],
145 silly audit   'eslint-import-resolver-node': [ '0.3.9' ],
145 silly audit   'eslint-import-resolver-typescript': [ '3.6.1' ],
145 silly audit   'eslint-module-utils': [ '2.8.2' ],
145 silly audit   'eslint-plugin-import': [ '2.29.1' ],
145 silly audit   semver: [ '6.3.1', '7.6.3' ],
145 silly audit   'eslint-plugin-jsx-a11y': [ '6.9.0' ],
145 silly audit   'eslint-plugin-react': [ '7.35.0' ],
145 silly audit   'eslint-plugin-react-hooks': [ '4.6.2' ],
145 silly audit   resolve: [ '2.0.0-next.5', '1.22.8' ],
145 silly audit   'eslint-scope': [ '7.2.2' ],
145 silly audit   'eslint-visitor-keys': [ '3.4.3' ],
145 silly audit   espree: [ '9.6.1' ],
145 silly audit   esquery: [ '1.6.0' ],
145 silly audit   esrecurse: [ '4.3.0' ],
145 silly audit   estraverse: [ '5.3.0' ],
145 silly audit   esutils: [ '2.0.3' ],
145 silly audit   events: [ '3.3.0' ],
145 silly audit   'fast-deep-equal': [ '3.1.3' ],
145 silly audit   'fast-glob': [ '3.3.2' ],
145 silly audit   'fast-json-stable-stringify': [ '2.1.0' ],
145 silly audit   'fast-levenshtein': [ '2.0.6' ],
145 silly audit   'fast-xml-parser': [ '4.4.1' ],
145 silly audit   fastq: [ '1.17.1' ],
145 silly audit   'file-entry-cache': [ '6.0.1' ],
145 silly audit   'fill-range': [ '7.1.1' ],
145 silly audit   'find-up': [ '5.0.0' ],
145 silly audit   'flat-cache': [ '3.2.0' ],
145 silly audit   flatted: [ '3.3.1' ],
145 silly audit   'for-each': [ '0.3.3' ],
145 silly audit   'foreground-child': [ '3.3.0' ],
145 silly audit   'fs.realpath': [ '1.0.0' ],
145 silly audit   fsevents: [ '2.3.3' ],
145 silly audit   'function-bind': [ '1.1.2' ],
145 silly audit   'function.prototype.name': [ '1.1.6' ],
145 silly audit   'functions-have-names': [ '1.2.3' ],
145 silly audit   'get-intrinsic': [ '1.2.4' ],
145 silly audit   'get-nonce': [ '1.0.1' ],
145 silly audit   'get-symbol-description': [ '1.0.2' ],
145 silly audit   'get-tsconfig': [ '4.7.6' ],
145 silly audit   glob: [ '10.3.10', '7.2.3' ],
145 silly audit   globals: [ '13.24.0' ],
145 silly audit   globalthis: [ '1.0.4' ],
145 silly audit   globby: [ '11.1.0' ],
145 silly audit   gopd: [ '1.0.1' ],
145 silly audit   'graceful-fs': [ '4.2.11' ],
145 silly audit   graphemer: [ '1.4.0' ],
145 silly audit   'has-bigints': [ '1.0.2' ],
145 silly audit   'has-flag': [ '4.0.0' ],
145 silly audit   'has-property-descriptors': [ '1.0.2' ],
145 silly audit   'has-proto': [ '1.0.3' ],
145 silly audit   'has-symbols': [ '1.0.3' ],
145 silly audit   'has-tostringtag': [ '1.0.2' ],
145 silly audit   hasown: [ '2.0.2' ],
145 silly audit   'http-proxy-agent': [ '7.0.2' ],
145 silly audit   'https-proxy-agent': [ '7.0.5' ],
145 silly audit   ignore: [ '5.3.2' ],
145 silly audit   'import-fresh': [ '3.3.0' ],
145 silly audit   imurmurhash: [ '0.1.4' ],
145 silly audit   inflight: [ '1.0.6' ],
145 silly audit   inherits: [ '2.0.4' ],
145 silly audit   'internal-slot': [ '1.0.7' ],
145 silly audit   invariant: [ '2.2.4' ],
145 silly audit   'is-arguments': [ '1.1.1' ],
145 silly audit   'is-array-buffer': [ '3.0.4' ],
145 silly audit   'is-async-function': [ '2.0.0' ],
145 silly audit   'is-bigint': [ '1.0.4' ],
145 silly audit   'is-binary-path': [ '2.1.0' ],
145 silly audit   'is-boolean-object': [ '1.1.2' ],
145 silly audit   'is-callable': [ '1.2.7' ],
145 silly audit   'is-core-module': [ '2.15.1' ],
145 silly audit   'is-data-view': [ '1.0.1' ],
145 silly audit   'is-date-object': [ '1.0.5' ],
145 silly audit   'is-docker': [ '2.2.1' ],
145 silly audit   'is-extglob': [ '2.1.1' ],
145 silly audit   'is-finalizationregistry': [ '1.0.2' ],
145 silly audit   'is-fullwidth-code-point': [ '3.0.0' ],
145 silly audit   'is-generator-function': [ '1.0.10' ],
145 silly audit   'is-glob': [ '4.0.3' ],
145 silly audit   'is-map': [ '2.0.3' ],
145 silly audit   'is-negative-zero': [ '2.0.3' ],
145 silly audit   'is-number': [ '7.0.0' ],
145 silly audit   'is-number-object': [ '1.0.7' ],
145 silly audit   'is-path-inside': [ '3.0.3' ],
145 silly audit   'is-regex': [ '1.1.4' ],
145 silly audit   'is-set': [ '2.0.3' ],
145 silly audit   'is-shared-array-buffer': [ '1.0.3' ],
145 silly audit   'is-string': [ '1.0.7' ],
145 silly audit   'is-symbol': [ '1.0.4' ],
145 silly audit   'is-typed-array': [ '1.1.13' ],
145 silly audit   'is-weakmap': [ '2.0.2' ],
145 silly audit   'is-weakref': [ '1.0.2' ],
145 silly audit   'is-weakset': [ '2.0.3' ],
145 silly audit   'is-wsl': [ '2.2.0' ],
145 silly audit   isarray: [ '2.0.5' ],
145 silly audit   isexe: [ '2.0.0' ],
145 silly audit   'iterator.prototype': [ '1.1.2' ],
145 silly audit   jackspeak: [ '2.3.6' ],
145 silly audit   jiti: [ '1.21.6' ],
145 silly audit   'js-tokens': [ '4.0.0' ],
145 silly audit   'js-yaml': [ '4.1.0' ],
145 silly audit   'json-buffer': [ '3.0.1' ],
145 silly audit   'json-schema-traverse': [ '0.4.1' ],
145 silly audit   'json-stable-stringify-without-jsonify': [ '1.0.1' ],
145 silly audit   json5: [ '1.0.2' ],
145 silly audit   jsonwebtoken: [ '9.0.2' ],
145 silly audit   jwa: [ '1.4.1', '2.0.0' ],
145 silly audit   jws: [ '3.2.2', '4.0.0' ],
145 silly audit   'jsx-ast-utils': [ '3.3.5' ],
145 silly audit   keyv: [ '4.5.4' ],
145 silly audit   'language-subtag-registry': [ '0.3.23' ],
145 silly audit   'language-tags': [ '1.0.9' ],
145 silly audit   levn: [ '0.4.1' ],
145 silly audit   lilconfig: [ '2.1.0', '3.1.2' ],
145 silly audit   'lines-and-columns': [ '1.2.4' ],
145 silly audit   'locate-path': [ '6.0.0' ],
145 silly audit   'lodash.debounce': [ '4.0.8' ],
145 silly audit   'lodash.includes': [ '4.3.0' ],
145 silly audit   'lodash.isboolean': [ '3.0.3' ],
145 silly audit   'lodash.isinteger': [ '4.0.4' ],
145 silly audit   'lodash.isnumber': [ '3.0.3' ],
145 silly audit   'lodash.isplainobject': [ '4.0.6' ],
145 silly audit   'lodash.isstring': [ '4.0.1' ],
145 silly audit   'lodash.merge': [ '4.6.2' ],
145 silly audit   'lodash.once': [ '4.1.1' ],
145 silly audit   'loose-envify': [ '1.4.0' ],
145 silly audit   'lru-cache': [ '10.4.3' ],
145 silly audit   'lucide-react': [ '0.436.0' ],
145 silly audit   merge2: [ '1.4.1' ],
145 silly audit   micromatch: [ '4.0.8' ],
145 silly audit   minimist: [ '1.2.8' ],
145 silly audit   minipass: [ '7.1.2' ],
145 silly audit   ms: [ '2.1.2' ],
145 silly audit   mz: [ '2.7.0' ],
145 silly audit   nanoid: [ '3.3.7' ],
145 silly audit   'natural-compare': [ '1.4.0' ],
145 silly audit   next: [ '14.2.6' ],
145 silly audit   'next-themes': [ '0.3.0' ],
145 silly audit   postcss: [ '8.4.31', '8.4.41' ],
145 silly audit   'normalize-path': [ '3.0.0' ],
145 silly audit   'object-assign': [ '4.1.1' ],
145 silly audit   'object-hash': [ '3.0.0' ],
145 silly audit   'object-inspect': [ '1.13.2' ],
145 silly audit   'object-is': [ '1.1.6' ],
145 silly audit   'object-keys': [ '1.1.1' ],
145 silly audit   'object.assign': [ '4.1.5' ],
145 silly audit   'object.entries': [ '1.1.8' ],
145 silly audit   'object.fromentries': [ '2.0.8' ],
145 silly audit   'object.groupby': [ '1.0.3' ],
145 silly audit   'object.values': [ '1.2.0' ],
145 silly audit   once: [ '1.4.0' ],
145 silly audit   open: [ '8.4.2' ],
145 silly audit   optionator: [ '0.9.4' ],
145 silly audit   'p-limit': [ '3.1.0' ],
145 silly audit   'p-locate': [ '5.0.0' ],
145 silly audit   'parent-module': [ '1.0.1' ],
145 silly audit   'path-exists': [ '4.0.0' ],
145 silly audit   'path-is-absolute': [ '1.0.1' ],
145 silly audit   'path-key': [ '3.1.1' ],
145 silly audit   'path-parse': [ '1.0.7' ],
145 silly audit   'path-scurry': [ '1.11.1' ],
145 silly audit   'path-type': [ '4.0.0' ],
145 silly audit   picocolors: [ '1.0.1' ],
145 silly audit   picomatch: [ '2.3.1' ],
145 silly audit   pify: [ '2.3.0' ],
145 silly audit   pirates: [ '4.0.6' ],
145 silly audit   'possible-typed-array-names': [ '1.0.0' ],
145 silly audit   'postcss-import': [ '15.1.0' ],
145 silly audit   'postcss-js': [ '4.0.1' ],
145 silly audit   'postcss-load-config': [ '4.0.2' ],
145 silly audit   'postcss-nested': [ '6.2.0' ],
145 silly audit   'postcss-selector-parser': [ '6.1.2' ],
145 silly audit   'postcss-value-parser': [ '4.2.0' ],
145 silly audit   'prelude-ls': [ '1.2.1' ],
145 silly audit   prisma: [ '5.18.0' ],
145 silly audit   'prop-types': [ '15.8.1' ],
145 silly audit   punycode: [ '2.3.1' ],
145 silly audit   'queue-microtask': [ '1.2.3' ],
145 silly audit   react: [ '18.3.1' ],
145 silly audit   'react-dom': [ '18.3.1' ],
145 silly audit   'react-icons': [ '5.3.0' ],
145 silly audit   'react-is': [ '16.13.1' ],
145 silly audit   'react-remove-scroll': [ '2.5.7' ],
145 silly audit   'react-remove-scroll-bar': [ '2.3.6' ],
145 silly audit   'react-style-singleton': [ '2.2.1' ],
145 silly audit   'read-cache': [ '1.0.0' ],
145 silly audit   readdirp: [ '3.6.0' ],
145 silly audit   'reflect.getprototypeof': [ '1.0.6' ],
145 silly audit   'regexp.prototype.flags': [ '1.5.2' ],
145 silly audit   'resolve-from': [ '4.0.0' ],
145 silly audit   'resolve-pkg-maps': [ '1.0.0' ],
145 silly audit   reusify: [ '1.0.4' ],
145 silly audit   rimraf: [ '3.0.2' ],
145 silly audit   'run-parallel': [ '1.2.0' ],
145 silly audit   'safe-array-concat': [ '1.1.2' ],
145 silly audit   'safe-buffer': [ '5.2.1' ],
145 silly audit   'safe-regex-test': [ '1.0.3' ],
145 silly audit   scheduler: [ '0.23.2' ],
145 silly audit   'set-function-length': [ '1.2.2' ],
145 silly audit   'set-function-name': [ '2.0.2' ],
145 silly audit   'shebang-command': [ '2.0.0' ],
145 silly audit   'shebang-regex': [ '3.0.0' ],
145 silly audit   'side-channel': [ '1.0.6' ],
145 silly audit   'signal-exit': [ '4.1.0' ],
145 silly audit   slash: [ '3.0.0' ],
145 silly audit   'source-map-js': [ '1.2.0' ],
145 silly audit   'stop-iteration-iterator': [ '1.0.0' ],
145 silly audit   stoppable: [ '1.1.0' ],
145 silly audit   streamsearch: [ '1.1.0' ],
145 silly audit   'string-width': [ '5.1.2', '4.2.3' ],
145 silly audit   'string.prototype.includes': [ '2.0.0' ],
145 silly audit   'string.prototype.matchall': [ '4.0.11' ],
145 silly audit   'string.prototype.repeat': [ '1.0.0' ],
145 silly audit   'string.prototype.trim': [ '1.2.9' ],
145 silly audit   'string.prototype.trimend': [ '1.0.8' ],
145 silly audit   'string.prototype.trimstart': [ '1.0.8' ],
145 silly audit   'strip-bom': [ '3.0.0' ],
145 silly audit   'strip-json-comments': [ '3.1.1' ],
145 silly audit   strnum: [ '1.0.5' ],
145 silly audit   'styled-jsx': [ '5.1.1' ],
145 silly audit   sucrase: [ '3.35.0' ],
145 silly audit   'supports-color': [ '7.2.0' ],
145 silly audit   'supports-preserve-symlinks-flag': [ '1.0.0' ],
145 silly audit   'tailwind-merge': [ '2.5.2' ],
145 silly audit   tailwindcss: [ '3.4.10' ],
145 silly audit   'tailwindcss-animate': [ '1.0.7' ],
145 silly audit   tapable: [ '2.2.1' ],
145 silly audit   'text-table': [ '0.2.0' ],
145 silly audit   thenify: [ '3.3.1' ],
145 silly audit   'thenify-all': [ '1.6.0' ],
145 silly audit   'to-regex-range': [ '5.0.1' ],
145 silly audit   'ts-api-utils': [ '1.3.0' ],
145 silly audit   'ts-interface-checker': [ '0.1.13' ],
145 silly audit   'tsconfig-paths': [ '3.15.0' ],
145 silly audit   tslib: [ '2.7.0' ],
145 silly audit   'type-check': [ '0.4.0' ],
145 silly audit   'type-fest': [ '0.20.2' ],
145 silly audit   'typed-array-buffer': [ '1.0.2' ],
145 silly audit   'typed-array-byte-length': [ '1.0.1' ],
145 silly audit   'typed-array-byte-offset': [ '1.0.2' ],
145 silly audit   'typed-array-length': [ '1.0.6' ],
145 silly audit   typescript: [ '5.5.4' ],
145 silly audit   'unbox-primitive': [ '1.0.2' ],
145 silly audit   'undici-types': [ '6.19.8' ],
145 silly audit   'uri-js': [ '4.4.1' ],
145 silly audit   'use-callback-ref': [ '1.3.2' ],
145 silly audit   'use-sidecar': [ '1.1.2' ],
145 silly audit   'util-deprecate': [ '1.0.2' ],
145 silly audit   uuid: [ '8.3.2' ],
145 silly audit   which: [ '2.0.2' ],
145 silly audit   'which-boxed-primitive': [ '1.0.2' ],
145 silly audit   'which-builtin-type': [ '1.1.4' ],
145 silly audit   'which-collection': [ '1.0.2' ],
145 silly audit   'which-typed-array': [ '1.1.15' ],
145 silly audit   'word-wrap': [ '1.2.5' ],
145 silly audit   'wrap-ansi': [ '8.1.0', '7.0.0' ],
145 silly audit   wrappy: [ '1.0.2' ],
145 silly audit   yaml: [ '2.5.0' ],
145 silly audit   'yocto-queue': [ '0.1.0' ],
145 silly audit   sharp: [ '0.33.5' ],
145 silly audit   '@img/sharp-darwin-arm64': [ '0.33.5' ],
145 silly audit   '@img/sharp-darwin-x64': [ '0.33.5' ],
145 silly audit   '@img/sharp-libvips-darwin-arm64': [ '1.0.4' ],
145 silly audit   '@img/sharp-libvips-darwin-x64': [ '1.0.4' ],
145 silly audit   '@img/sharp-libvips-linux-arm': [ '1.0.5' ],
145 silly audit   '@img/sharp-libvips-linux-arm64': [ '1.0.4' ],
145 silly audit   '@img/sharp-libvips-linux-s390x': [ '1.0.4' ],
145 silly audit   '@img/sharp-libvips-linux-x64': [ '1.0.4' ],
145 silly audit   '@img/sharp-libvips-linuxmusl-arm64': [ '1.0.4' ],
145 silly audit   '@img/sharp-libvips-linuxmusl-x64': [ '1.0.4' ],
145 silly audit   '@img/sharp-linux-arm': [ '0.33.5' ],
145 silly audit   '@img/sharp-linux-arm64': [ '0.33.5' ],
145 silly audit   '@img/sharp-linux-s390x': [ '0.33.5' ],
145 silly audit   '@img/sharp-linux-x64': [ '0.33.5' ],
145 silly audit   '@img/sharp-linuxmusl-arm64': [ '0.33.5' ],
145 silly audit   '@img/sharp-linuxmusl-x64': [ '0.33.5' ],
145 silly audit   '@img/sharp-wasm32': [ '0.33.5' ],
145 silly audit   '@img/sharp-win32-ia32': [ '0.33.5' ],
145 silly audit   '@img/sharp-win32-x64': [ '0.33.5' ],
145 silly audit   color: [ '4.2.3' ],
145 silly audit   'detect-libc': [ '2.0.3' ],
145 silly audit   '@emnapi/runtime': [ '1.2.0' ],
145 silly audit   'color-string': [ '1.9.1' ],
145 silly audit   'simple-swizzle': [ '0.2.2' ],
145 silly audit   'is-arrayish': [ '0.3.2' ]
145 silly audit }
146 verbose reify failed optional dependency /Users/ekkusipila/Projects/Personal/card-generator/node_modules/@img/sharp-win32-x64
147 silly reify mark deleted [
147 silly reify   '/Users/ekkusipila/Projects/Personal/card-generator/node_modules/@img/sharp-win32-x64'
147 silly reify ]
148 verbose reify failed optional dependency /Users/ekkusipila/Projects/Personal/card-generator/node_modules/@img/sharp-win32-ia32
149 silly reify mark deleted [
149 silly reify   '/Users/ekkusipila/Projects/Personal/card-generator/node_modules/@img/sharp-win32-ia32'
149 silly reify ]
150 verbose reify failed optional dependency /Users/ekkusipila/Projects/Personal/card-generator/node_modules/@img/sharp-wasm32
151 silly reify mark deleted [
151 silly reify   '/Users/ekkusipila/Projects/Personal/card-generator/node_modules/@img/sharp-wasm32'
151 silly reify ]
152 verbose reify failed optional dependency /Users/ekkusipila/Projects/Personal/card-generator/node_modules/@emnapi/runtime
153 silly reify mark deleted [
153 silly reify   '/Users/ekkusipila/Projects/Personal/card-generator/node_modules/@emnapi/runtime'
153 silly reify ]
154 verbose reify failed optional dependency /Users/ekkusipila/Projects/Personal/card-generator/node_modules/@img/sharp-linuxmusl-x64
155 silly reify mark deleted [
155 silly reify   '/Users/ekkusipila/Projects/Personal/card-generator/node_modules/@img/sharp-linuxmusl-x64'
155 silly reify ]
156 verbose reify failed optional dependency /Users/ekkusipila/Projects/Personal/card-generator/node_modules/@img/sharp-linuxmusl-arm64
157 silly reify mark deleted [
157 silly reify   '/Users/ekkusipila/Projects/Personal/card-generator/node_modules/@img/sharp-linuxmusl-arm64'
157 silly reify ]
158 verbose reify failed optional dependency /Users/ekkusipila/Projects/Personal/card-generator/node_modules/@img/sharp-linux-x64
159 silly reify mark deleted [
159 silly reify   '/Users/ekkusipila/Projects/Personal/card-generator/node_modules/@img/sharp-linux-x64'
159 silly reify ]
160 verbose reify failed optional dependency /Users/ekkusipila/Projects/Personal/card-generator/node_modules/@img/sharp-linux-s390x
161 silly reify mark deleted [
161 silly reify   '/Users/ekkusipila/Projects/Personal/card-generator/node_modules/@img/sharp-linux-s390x'
161 silly reify ]
162 verbose reify failed optional dependency /Users/ekkusipila/Projects/Personal/card-generator/node_modules/@img/sharp-linux-arm64
163 silly reify mark deleted [
163 silly reify   '/Users/ekkusipila/Projects/Personal/card-generator/node_modules/@img/sharp-linux-arm64'
163 silly reify ]
164 verbose reify failed optional dependency /Users/ekkusipila/Projects/Personal/card-generator/node_modules/@img/sharp-linux-arm
165 silly reify mark deleted [
165 silly reify   '/Users/ekkusipila/Projects/Personal/card-generator/node_modules/@img/sharp-linux-arm'
165 silly reify ]
166 verbose reify failed optional dependency /Users/ekkusipila/Projects/Personal/card-generator/node_modules/@img/sharp-libvips-linuxmusl-x64
167 silly reify mark deleted [
167 silly reify   '/Users/ekkusipila/Projects/Personal/card-generator/node_modules/@img/sharp-libvips-linuxmusl-x64'
167 silly reify ]
168 verbose reify failed optional dependency /Users/ekkusipila/Projects/Personal/card-generator/node_modules/@img/sharp-libvips-linuxmusl-arm64
169 silly reify mark deleted [
169 silly reify   '/Users/ekkusipila/Projects/Personal/card-generator/node_modules/@img/sharp-libvips-linuxmusl-arm64'
169 silly reify ]
170 verbose reify failed optional dependency /Users/ekkusipila/Projects/Personal/card-generator/node_modules/@img/sharp-libvips-linux-x64
171 silly reify mark deleted [
171 silly reify   '/Users/ekkusipila/Projects/Personal/card-generator/node_modules/@img/sharp-libvips-linux-x64'
171 silly reify ]
172 verbose reify failed optional dependency /Users/ekkusipila/Projects/Personal/card-generator/node_modules/@img/sharp-libvips-linux-s390x
173 silly reify mark deleted [
173 silly reify   '/Users/ekkusipila/Projects/Personal/card-generator/node_modules/@img/sharp-libvips-linux-s390x'
173 silly reify ]
174 verbose reify failed optional dependency /Users/ekkusipila/Projects/Personal/card-generator/node_modules/@img/sharp-libvips-linux-arm64
175 silly reify mark deleted [
175 silly reify   '/Users/ekkusipila/Projects/Personal/card-generator/node_modules/@img/sharp-libvips-linux-arm64'
175 silly reify ]
176 verbose reify failed optional dependency /Users/ekkusipila/Projects/Personal/card-generator/node_modules/@img/sharp-libvips-linux-arm
177 silly reify mark deleted [
177 silly reify   '/Users/ekkusipila/Projects/Personal/card-generator/node_modules/@img/sharp-libvips-linux-arm'
177 silly reify ]
178 verbose reify failed optional dependency /Users/ekkusipila/Projects/Personal/card-generator/node_modules/@img/sharp-libvips-darwin-x64
179 silly reify mark deleted [
179 silly reify   '/Users/ekkusipila/Projects/Personal/card-generator/node_modules/@img/sharp-libvips-darwin-x64'
179 silly reify ]
180 verbose reify failed optional dependency /Users/ekkusipila/Projects/Personal/card-generator/node_modules/@img/sharp-darwin-x64
181 silly reify mark deleted [
181 silly reify   '/Users/ekkusipila/Projects/Personal/card-generator/node_modules/@img/sharp-darwin-x64'
181 silly reify ]
182 verbose reify failed optional dependency /Users/ekkusipila/Projects/Personal/card-generator/node_modules/@next/swc-win32-x64-msvc
183 silly reify mark deleted [
183 silly reify   '/Users/ekkusipila/Projects/Personal/card-generator/node_modules/@next/swc-win32-x64-msvc'
183 silly reify ]
184 verbose reify failed optional dependency /Users/ekkusipila/Projects/Personal/card-generator/node_modules/@next/swc-win32-ia32-msvc
185 silly reify mark deleted [
185 silly reify   '/Users/ekkusipila/Projects/Personal/card-generator/node_modules/@next/swc-win32-ia32-msvc'
185 silly reify ]
186 verbose reify failed optional dependency /Users/ekkusipila/Projects/Personal/card-generator/node_modules/@next/swc-win32-arm64-msvc
187 silly reify mark deleted [
187 silly reify   '/Users/ekkusipila/Projects/Personal/card-generator/node_modules/@next/swc-win32-arm64-msvc'
187 silly reify ]
188 verbose reify failed optional dependency /Users/ekkusipila/Projects/Personal/card-generator/node_modules/@next/swc-linux-x64-musl
189 silly reify mark deleted [
189 silly reify   '/Users/ekkusipila/Projects/Personal/card-generator/node_modules/@next/swc-linux-x64-musl'
189 silly reify ]
190 verbose reify failed optional dependency /Users/ekkusipila/Projects/Personal/card-generator/node_modules/@next/swc-linux-x64-gnu
191 silly reify mark deleted [
191 silly reify   '/Users/ekkusipila/Projects/Personal/card-generator/node_modules/@next/swc-linux-x64-gnu'
191 silly reify ]
192 verbose reify failed optional dependency /Users/ekkusipila/Projects/Personal/card-generator/node_modules/@next/swc-linux-arm64-musl
193 silly reify mark deleted [
193 silly reify   '/Users/ekkusipila/Projects/Personal/card-generator/node_modules/@next/swc-linux-arm64-musl'
193 silly reify ]
194 verbose reify failed optional dependency /Users/ekkusipila/Projects/Personal/card-generator/node_modules/@next/swc-linux-arm64-gnu
195 silly reify mark deleted [
195 silly reify   '/Users/ekkusipila/Projects/Personal/card-generator/node_modules/@next/swc-linux-arm64-gnu'
195 silly reify ]
196 verbose reify failed optional dependency /Users/ekkusipila/Projects/Personal/card-generator/node_modules/@next/swc-darwin-x64
197 silly reify mark deleted [
197 silly reify   '/Users/ekkusipila/Projects/Personal/card-generator/node_modules/@next/swc-darwin-x64'
197 silly reify ]
198 silly tarball no local data for simple-swizzle@https://registry.npmjs.org/simple-swizzle/-/simple-swizzle-0.2.2.tgz. Extracting by manifest.
199 silly tarball no local data for @emnapi/runtime@https://registry.npmjs.org/@emnapi/runtime/-/runtime-1.2.0.tgz. Extracting by manifest.
200 silly tarball no local data for is-arrayish@https://registry.npmjs.org/is-arrayish/-/is-arrayish-0.3.2.tgz. Extracting by manifest.
201 silly tarball no local data for color-string@https://registry.npmjs.org/color-string/-/color-string-1.9.1.tgz. Extracting by manifest.
202 silly tarball no local data for color@https://registry.npmjs.org/color/-/color-4.2.3.tgz. Extracting by manifest.
203 silly tarball no local data for @img/sharp-libvips-darwin-arm64@https://registry.npmjs.org/@img/sharp-libvips-darwin-arm64/-/sharp-libvips-darwin-arm64-1.0.4.tgz. Extracting by manifest.
204 silly tarball no local data for detect-libc@https://registry.npmjs.org/detect-libc/-/detect-libc-2.0.3.tgz. Extracting by manifest.
205 silly tarball no local data for sharp@https://registry.npmjs.org/sharp/-/sharp-0.33.5.tgz. Extracting by manifest.
206 silly tarball no local data for @img/sharp-darwin-arm64@https://registry.npmjs.org/@img/sharp-darwin-arm64/-/sharp-darwin-arm64-0.33.5.tgz. Extracting by manifest.
207 http fetch GET 200 https://registry.npmjs.org/simple-swizzle/-/simple-swizzle-0.2.2.tgz 57ms (cache miss)
208 http fetch GET 200 https://registry.npmjs.org/color/-/color-4.2.3.tgz 55ms (cache miss)
209 http fetch GET 200 https://registry.npmjs.org/detect-libc/-/detect-libc-2.0.3.tgz 56ms (cache miss)
210 http fetch GET 200 https://registry.npmjs.org/color-string/-/color-string-1.9.1.tgz 57ms (cache miss)
211 http fetch GET 200 https://registry.npmjs.org/is-arrayish/-/is-arrayish-0.3.2.tgz 58ms (cache miss)
212 http fetch GET 200 https://registry.npmjs.org/sharp/-/sharp-0.33.5.tgz 67ms (cache miss)
213 http fetch GET 200 https://registry.npmjs.org/@emnapi/runtime/-/runtime-1.2.0.tgz 92ms (cache miss)
214 http fetch GET 200 https://registry.npmjs.org/@img/sharp-darwin-arm64/-/sharp-darwin-arm64-0.33.5.tgz 94ms (cache miss)
215 http fetch POST 200 https://registry.npmjs.org/-/npm/v1/security/advisories/bulk 210ms
216 silly audit report {}
217 http fetch GET 200 https://registry.npmjs.org/@img/sharp-libvips-darwin-arm64/-/sharp-libvips-darwin-arm64-1.0.4.tgz 319ms (cache miss)
218 info run sharp@0.33.5 install node_modules/sharp node install/check
219 info run sharp@0.33.5 install { code: 0, signal: null }
220 silly ADD node_modules/is-arrayish
221 silly ADD node_modules/simple-swizzle
222 silly ADD node_modules/color-string
223 silly ADD
224 silly ADD node_modules/detect-libc
225 silly ADD node_modules/color
226 silly ADD
227 silly ADD
228 silly ADD
229 silly ADD
230 silly ADD
231 silly ADD
232 silly ADD
233 silly ADD
234 silly ADD
235 silly ADD
236 silly ADD
237 silly ADD
238 silly ADD
239 silly ADD
240 silly ADD
241 silly ADD
242 silly ADD node_modules/@img/sharp-libvips-darwin-arm64
243 silly ADD
244 silly ADD node_modules/@img/sharp-darwin-arm64
245 silly ADD node_modules/sharp
246 silly ADD
247 silly ADD
248 silly ADD
249 silly ADD
250 silly ADD
251 silly ADD
252 silly ADD
253 silly ADD
254 verbose cwd /Users/ekkusipila/Projects/Personal/card-generator
255 verbose os Darwin 23.6.0
256 verbose node v20.16.0
257 verbose npm  v10.8.1
258 verbose exit 0
259 info ok
